{"contracts/mocks-test/VRFCoordinatorV2Mock.sol":{"l":{},"path":"/mnt/c/users/lenovo/desktop/solidity_32_hours_course/hardhat-smartcontract-lottery-fcc/contracts/mocks-test/VRFCoordinatorV2Mock.sol","s":{},"b":{},"f":{},"fnMap":{},"statementMap":{},"branchMap":{}},"contracts/Raffle.sol":{"l":{"80":3,"81":3,"82":3,"83":3,"84":3,"85":3,"86":3,"87":3,"91":6,"92":2,"94":4,"96":3,"99":3,"135":1,"136":1,"137":1,"138":1,"139":1,"140":1,"168":1,"169":1,"170":0,"177":1,"182":1,"189":1,"207":0,"208":0,"209":0,"210":0,"211":0,"212":0,"214":0,"217":0,"218":0,"220":0,"224":6,"228":1,"232":0,"236":1,"240":0,"244":0,"248":5,"252":0,"256":0},"path":"/mnt/c/users/lenovo/desktop/solidity_32_hours_course/hardhat-smartcontract-lottery-fcc/contracts/Raffle.sol","s":{"1":6,"2":4,"3":3,"4":3,"5":1,"6":1,"7":1,"8":1,"9":1,"10":1,"11":1,"12":1,"13":1,"14":0,"15":0,"16":0,"17":0,"18":0,"19":6,"20":1,"21":0,"22":1,"23":0,"24":0,"25":5,"26":0,"27":0},"b":{"1":[2,4],"2":[1,3],"3":[0,1],"4":[0,0]},"f":{"1":3,"2":6,"3":1,"4":1,"5":0,"6":6,"7":1,"8":0,"9":1,"10":0,"11":0,"12":5,"13":0,"14":0},"fnMap":{"1":{"name":"constructor","line":79,"loc":{"start":{"line":72,"column":4},"end":{"line":88,"column":4}}},"2":{"name":"enterRaffle","line":90,"loc":{"start":{"line":90,"column":4},"end":{"line":100,"column":4}}},"3":{"name":"checkUpkeep","line":124,"loc":{"start":{"line":124,"column":4},"end":{"line":145,"column":4}}},"4":{"name":"performUpkeep","line":154,"loc":{"start":{"line":154,"column":4},"end":{"line":190,"column":4}}},"5":{"name":"fulfillRandomWords","line":198,"loc":{"start":{"line":198,"column":4},"end":{"line":221,"column":4}}},"6":{"name":"getEntranceFee","line":223,"loc":{"start":{"line":223,"column":4},"end":{"line":225,"column":4}}},"7":{"name":"getPlayer","line":227,"loc":{"start":{"line":227,"column":4},"end":{"line":229,"column":4}}},"8":{"name":"getRecentWinner","line":231,"loc":{"start":{"line":231,"column":4},"end":{"line":233,"column":4}}},"9":{"name":"getRaffleState","line":235,"loc":{"start":{"line":235,"column":4},"end":{"line":237,"column":4}}},"10":{"name":"getNumWords","line":239,"loc":{"start":{"line":239,"column":4},"end":{"line":241,"column":4}}},"11":{"name":"getNumberOfPlayers","line":243,"loc":{"start":{"line":243,"column":4},"end":{"line":245,"column":4}}},"12":{"name":"getInterval","line":247,"loc":{"start":{"line":247,"column":4},"end":{"line":249,"column":4}}},"13":{"name":"getLatestTimeStamp","line":251,"loc":{"start":{"line":251,"column":4},"end":{"line":253,"column":4}}},"14":{"name":"getRequestConfirmations","line":255,"loc":{"start":{"line":255,"column":4},"end":{"line":257,"column":4}}}},"statementMap":{"1":{"start":{"line":91,"column":8},"end":{"line":91,"column":4080}},"2":{"start":{"line":94,"column":8},"end":{"line":94,"column":71}},"3":{"start":{"line":96,"column":8},"end":{"line":96,"column":42}},"4":{"start":{"line":99,"column":8},"end":{"line":99,"column":36}},"5":{"start":{"line":135,"column":8},"end":{"line":135,"column":57}},"6":{"start":{"line":136,"column":8},"end":{"line":136,"column":76}},"7":{"start":{"line":137,"column":8},"end":{"line":137,"column":48}},"8":{"start":{"line":138,"column":8},"end":{"line":138,"column":51}},"9":{"start":{"line":140,"column":8},"end":{"line":140,"column":33}},"10":{"start":{"line":168,"column":8},"end":{"line":168,"column":47}},"11":{"start":{"line":169,"column":8},"end":{"line":169,"column":8396}},"12":{"start":{"line":182,"column":8},"end":{"line":182,"column":8921}},"13":{"start":{"line":189,"column":8},"end":{"line":189,"column":45}},"14":{"start":{"line":207,"column":8},"end":{"line":207,"column":65}},"15":{"start":{"line":208,"column":8},"end":{"line":208,"column":63}},"16":{"start":{"line":214,"column":8},"end":{"line":214,"column":78}},"17":{"start":{"line":217,"column":8},"end":{"line":217,"column":10534}},"18":{"start":{"line":220,"column":8},"end":{"line":220,"column":39}},"19":{"start":{"line":224,"column":8},"end":{"line":224,"column":28}},"20":{"start":{"line":228,"column":8},"end":{"line":228,"column":31}},"21":{"start":{"line":232,"column":8},"end":{"line":232,"column":29}},"22":{"start":{"line":236,"column":8},"end":{"line":236,"column":28}},"23":{"start":{"line":240,"column":8},"end":{"line":240,"column":24}},"24":{"start":{"line":244,"column":8},"end":{"line":244,"column":31}},"25":{"start":{"line":248,"column":8},"end":{"line":248,"column":25}},"26":{"start":{"line":252,"column":8},"end":{"line":252,"column":30}},"27":{"start":{"line":256,"column":8},"end":{"line":256,"column":35}}},"branchMap":{"1":{"line":91,"type":"if","locations":[{"start":{"line":91,"column":8},"end":{"line":91,"column":8}},{"start":{"line":91,"column":8},"end":{"line":91,"column":8}}]},"2":{"line":94,"type":"if","locations":[{"start":{"line":94,"column":8},"end":{"line":94,"column":8}},{"start":{"line":94,"column":8},"end":{"line":94,"column":8}}]},"3":{"line":169,"type":"if","locations":[{"start":{"line":169,"column":8},"end":{"line":169,"column":8}},{"start":{"line":169,"column":8},"end":{"line":169,"column":8}}]},"4":{"line":217,"type":"if","locations":[{"start":{"line":217,"column":8},"end":{"line":217,"column":8}},{"start":{"line":217,"column":8},"end":{"line":217,"column":8}}]}}}}