TN:
SF:/mnt/c/users/lenovo/desktop/solidity_32_hours_course/hardhat-smartcontract-lottery-fcc/contracts/mocks-test/VRFCoordinatorV2Mock.sol
FNF:0
FNH:0
LF:0
LH:0
BRF:0
BRH:0
end_of_record
TN:
SF:/mnt/c/users/lenovo/desktop/solidity_32_hours_course/hardhat-smartcontract-lottery-fcc/contracts/Raffle.sol
FN:79,constructor
FN:90,enterRaffle
FN:124,checkUpkeep
FN:154,performUpkeep
FN:198,fulfillRandomWords
FN:223,getEntranceFee
FN:227,getPlayer
FN:231,getRecentWinner
FN:235,getRaffleState
FN:239,getNumWords
FN:243,getNumberOfPlayers
FN:247,getInterval
FN:251,getLatestTimeStamp
FN:255,getRequestConfirmations
FNF:14
FNH:8
FNDA:3,constructor
FNDA:6,enterRaffle
FNDA:1,checkUpkeep
FNDA:1,performUpkeep
FNDA:0,fulfillRandomWords
FNDA:6,getEntranceFee
FNDA:1,getPlayer
FNDA:0,getRecentWinner
FNDA:1,getRaffleState
FNDA:0,getNumWords
FNDA:0,getNumberOfPlayers
FNDA:5,getInterval
FNDA:0,getLatestTimeStamp
FNDA:0,getRequestConfirmations
DA:80,3
DA:81,3
DA:82,3
DA:83,3
DA:84,3
DA:85,3
DA:86,3
DA:87,3
DA:91,6
DA:92,2
DA:94,4
DA:96,3
DA:99,3
DA:135,1
DA:136,1
DA:137,1
DA:138,1
DA:139,1
DA:140,1
DA:168,1
DA:169,1
DA:170,0
DA:177,1
DA:182,1
DA:189,1
DA:207,0
DA:208,0
DA:209,0
DA:210,0
DA:211,0
DA:212,0
DA:214,0
DA:217,0
DA:218,0
DA:220,0
DA:224,6
DA:228,1
DA:232,0
DA:236,1
DA:240,0
DA:244,0
DA:248,5
DA:252,0
DA:256,0
LF:44
LH:28
BRDA:91,1,0,2
BRDA:91,1,1,4
BRDA:94,2,0,1
BRDA:94,2,1,3
BRDA:169,3,0,0
BRDA:169,3,1,1
BRDA:217,4,0,0
BRDA:217,4,1,0
BRF:8
BRH:5
end_of_record
